<?xml version="1.0" encoding="utf-8"?><testsuite errors="0" failures="0" name="pytest" skips="0" tests="5" time="1.118"><testcase classname="test_submit" file="test_submit.py" line="4" name="test_part_1" time="0.021782875061035156"></testcase><testcase classname="test_submit" file="test_submit.py" line="46" name="test_part_2" time="0.0051538944244384766"></testcase><testcase classname="test_submit" file="test_submit.py" line="50" name="test_part_3" time="0.00769352912902832"></testcase><testcase classname="test_submit" file="test_submit.py" line="54" name="test_part_4" time="0.010953426361083984"></testcase><testcase classname="test_submit" file="test_submit.py" line="58" name="test_part_5" time="0.028486967086791992"></testcase></testsuite>